  alpha.c
  buffer.c
  frame.c
  idec.c
  io.c
  quant.c
  tree.c
  vp8.c
  vp8l.c
  webp.c
  alpha_processing.c
  alpha_processing_mips_dsp_r2.c
  alpha_processing_sse2.c
  alpha_processing_sse41.c
  argb.c
  argb_mips_dsp_r2.c
  argb_sse2.c
  cost.c
  cost_mips32.c
  cost_mips_dsp_r2.c
  cost_sse2.c
  cpu.c
  dec.c
  dec_clip_tables.c
  dec_mips32.c
  dec_mips_dsp_r2.c
  dec_neon.c
  dec_sse2.c
  dec_sse41.c
  enc.c
  enc_avx2.c
  enc_mips32.c
  enc_mips_dsp_r2.c
  enc_neon.c
  enc_sse2.c
  enc_sse41.c
  filters.c
  filters_mips_dsp_r2.c
  filters_sse2.c
  lossless.c
  lossless_enc.c
  lossless_enc_mips32.c
  lossless_enc_mips_dsp_r2.c
  lossless_enc_neon.c
  lossless_enc_sse2.c
  lossless_enc_sse41.c
  lossless_mips_dsp_r2.c
  lossless_neon.c
  lossless_sse2.c
  rescaler.c
  rescaler_mips32.c
  rescaler_mips_dsp_r2.c
  rescaler_neon.c
  rescaler_sse2.c
  upsampling.c
  upsampling_mips_dsp_r2.c
  upsampling_neon.c
  upsampling_sse2.c
  yuv.c
  yuv_mips32.c
  yuv_mips_dsp_r2.c
  yuv_sse2.c
  dec_msa.c
  enc_msa.c
  filters_msa.c
  lossless_enc_msa.c
  lossless_msa.c
  rescaler_msa.c
  upsampling_msa.c
  predictor.c
  anim_encode.c
  muxedit.c
  muxinternal.c
  muxread.c
  alpha.c
  analysis.c
  backward_references.c
  config.c
  cost.c
  delta_palettization.c
  filter.c
  frame.c
  histogram.c
  iterator.c
  near_lossless.c
  picture.c
  picture_csp.c
  picture_psnr.c
  picture_rescale.c
  picture_tools.c
  quant.c
  syntax.c
  token.c
  tree.c
  vp8l.c
  webpenc.c
  bit_reader.c
  bit_writer.c
  color_cache.c
  filters.c
  huffman.c
  huffman_encode.c
  quant_levels.c
  quant_levels_dec.c
  random.c
  rescaler.c
  thread.c
  utils.c
  libwebp.vcxproj -> G:\learn\github\VS2015_Tesseract\Release\libwebp.lib
