  png.c
  pngerror.c
  pngget.c
  pngmem.c
g:\learn\github\vs2015_tesseract\libpng\pngpriv.h(539): fatal error C1083: 无法打开包括文件: “windows.h”: No such file or directory (编译源文件 png.c)
  pngpread.c
g:\learn\github\vs2015_tesseract\libpng\pngpriv.h(539): fatal error C1083: 无法打开包括文件: “windows.h”: No such file or directory (编译源文件 pngerror.c)
g:\learn\github\vs2015_tesseract\libpng\pngpriv.h(539): fatal error C1083: 无法打开包括文件: “windows.h”: No such file or directory (编译源文件 pngget.c)
  pngread.c
  pngrio.c
g:\learn\github\vs2015_tesseract\libpng\pngpriv.h(539): fatal error C1083: 无法打开包括文件: “windows.h”: No such file or directory (编译源文件 pngmem.c)
  pngrtran.c
g:\learn\github\vs2015_tesseract\libpng\pngpriv.h(539): fatal error C1083: 无法打开包括文件: “windows.h”: No such file or directory (编译源文件 pngpread.c)
  pngrutil.c
g:\learn\github\vs2015_tesseract\libpng\pngpriv.h(539): fatal error C1083: 无法打开包括文件: “windows.h”: No such file or directory (编译源文件 pngread.c)
  pngset.c
g:\learn\github\vs2015_tesseract\libpng\pngpriv.h(539): fatal error C1083: 无法打开包括文件: “windows.h”: No such file or directory (编译源文件 pngrio.c)
  pngtrans.c
g:\learn\github\vs2015_tesseract\libpng\pngpriv.h(539): fatal error C1083: 无法打开包括文件: “windows.h”: No such file or directory (编译源文件 pngrtran.c)
  pngwio.c
g:\learn\github\vs2015_tesseract\libpng\pngpriv.h(539): fatal error C1083: 无法打开包括文件: “windows.h”: No such file or directory (编译源文件 pngrutil.c)
  pngwrite.c
g:\learn\github\vs2015_tesseract\libpng\pngpriv.h(539): fatal error C1083: 无法打开包括文件: “windows.h”: No such file or directory (编译源文件 pngset.c)
  pngwtran.c
g:\learn\github\vs2015_tesseract\libpng\pngpriv.h(539): fatal error C1083: 无法打开包括文件: “windows.h”: No such file or directory (编译源文件 pngtrans.c)
g:\learn\github\vs2015_tesseract\libpng\pngpriv.h(539): fatal error C1083: 无法打开包括文件: “windows.h”: No such file or directory (编译源文件 pngwio.c)
  pngwutil.c
g:\learn\github\vs2015_tesseract\libpng\pngpriv.h(539): fatal error C1083: 无法打开包括文件: “windows.h”: No such file or directory (编译源文件 pngwtran.c)
g:\learn\github\vs2015_tesseract\libpng\pngpriv.h(539): fatal error C1083: 无法打开包括文件: “windows.h”: No such file or directory (编译源文件 pngwrite.c)
g:\learn\github\vs2015_tesseract\libpng\pngpriv.h(539): fatal error C1083: 无法打开包括文件: “windows.h”: No such file or directory (编译源文件 pngwutil.c)
